# JRE version: OpenJDK Runtime Environment (8.0_275) (build 1.8.0_275-bre_2020_11_16_16_29-b00)
# Java VM: OpenJDK 64-Bit Server VM (25.275-b00 mixed mode bsd-amd64 compressed oops)
Heap:
 par new generation   total 235968K, used 143180K [0x0000000780000000, 0x0000000790000000, 0x0000000790000000)
  eden space 209792K,  60% used [0x0000000780000000, 0x0000000787cce018, 0x000000078cce0000)
  from space 26176K,  58% used [0x000000078cce0000, 0x000000078dbe50a0, 0x000000078e670000)
  to   space 26176K,   0% used [0x000000078e670000, 0x000000078e670000, 0x0000000790000000)
 concurrent mark-sweep generation total 786432K, used 7776K [0x0000000790000000, 0x00000007c0000000, 0x00000007c0000000)
 Metaspace       used 33698K, capacity 34388K, committed 34724K, reserved 1079296K
  class space    used 4772K, capacity 4967K, committed 5064K, reserved 1048576K
GC Heap History (4 events):
Event: 21.016 GC heap before
{Heap before GC invocations=0 (full 0):
 par new generation   total 235968K, used 209792K [0x0000000780000000, 0x0000000790000000, 0x0000000790000000)
  eden space 209792K, 100% used [0x0000000780000000, 0x000000078cce0000, 0x000000078cce0000)
  from space 26176K,   0% used [0x000000078cce0000, 0x000000078cce0000, 0x000000078e670000)
  to   space 26176K,   0% used [0x000000078e670000, 0x000000078e670000, 0x0000000790000000)
 concurrent mark-sweep generation total 786432K, used 0K [0x0000000790000000, 0x00000007c0000000, 0x00000007c0000000)
 Metaspace       used 25829K, capacity 26250K, committed 26532K, reserved 1073152K
  class space    used 3069K, capacity 3193K, committed 3196K, reserved 1048576K
Event: 21.083 GC heap after
Heap after GC invocations=1 (full 0):
 par new generation   total 235968K, used 26175K [0x0000000780000000, 0x0000000790000000, 0x0000000790000000)
  eden space 209792K,   0% used [0x0000000780000000, 0x0000000780000000, 0x000000078cce0000)
  from space 26176K,  99% used [0x000000078e670000, 0x000000078ffffff0, 0x0000000790000000)
  to   space 26176K,   0% used [0x000000078cce0000, 0x000000078cce0000, 0x000000078e670000)
 concurrent mark-sweep generation total 786432K, used 924K [0x0000000790000000, 0x00000007c0000000, 0x00000007c0000000)
 Metaspace       used 25829K, capacity 26250K, committed 26532K, reserved 1073152K
  class space    used 3069K, capacity 3193K, committed 3196K, reserved 1048576K
}
Event: 22.229 GC heap before
{Heap before GC invocations=1 (full 1):
 par new generation   total 235968K, used 235967K [0x0000000780000000, 0x0000000790000000, 0x0000000790000000)
  eden space 209792K, 100% used [0x0000000780000000, 0x000000078cce0000, 0x000000078cce0000)
  from space 26176K,  99% used [0x000000078e670000, 0x000000078ffffff0, 0x0000000790000000)
  to   space 26176K,   0% used [0x000000078cce0000, 0x000000078cce0000, 0x000000078e670000)
 concurrent mark-sweep generation total 786432K, used 924K [0x0000000790000000, 0x00000007c0000000, 0x00000007c0000000)
 Metaspace       used 26907K, capacity 27360K, committed 27760K, reserved 1073152K
  class space    used 3204K, capacity 3370K, committed 3400K, reserved 1048576K
Event: 22.294 GC heap after
Heap after GC invocations=2 (full 1):
 par new generation   total 235968K, used 15380K [0x0000000780000000, 0x0000000790000000, 0x0000000790000000)
  eden space 209792K,   0% used [0x0000000780000000, 0x0000000780000000, 0x000000078cce0000)
  from space 26176K,  58% used [0x000000078cce0000, 0x000000078dbe50a0, 0x000000078e670000)
  to   space 26176K,   0% used [0x000000078e670000, 0x000000078e670000, 0x0000000790000000)
 concurrent mark-sweep generation total 786432K, used 7776K [0x0000000790000000, 0x00000007c0000000, 0x00000007c0000000)
 Metaspace       used 26907K, capacity 27360K, committed 27760K, reserved 1073152K
  class space    used 3204K, capacity 3370K, committed 3400K, reserved 1048576K
}

